2011-11-29 20:29:14 Notice: Notice (8): Undefined variable: role_controller_permissions in [/Applications/XAMPP/xamppfiles/htdocs/eventos-sa/app/Plugin/Acl/Controller/ArosController.php, line 584]
Trace:
ArosController::admin_get_role_controller_permission() - APP/Plugin/Acl/Controller/ArosController.php, line 584
ReflectionMethod::invokeArgs() - [internal], line ??
Controller::invokeAction() - CORE/Cake/Controller/Controller.php, line 473
Dispatcher::_invoke() - CORE/Cake/Routing/Dispatcher.php, line 107
Dispatcher::dispatch() - CORE/Cake/Routing/Dispatcher.php, line 89
[main] - APP/webroot/index.php, line 96

2011-11-29 20:29:14 Notice: Notice (8): Undefined variable: role_controller_permissions in [/Applications/XAMPP/xamppfiles/htdocs/eventos-sa/app/Plugin/Acl/Controller/ArosController.php, line 584]
Trace:
ArosController::admin_get_role_controller_permission() - APP/Plugin/Acl/Controller/ArosController.php, line 584
ReflectionMethod::invokeArgs() - [internal], line ??
Controller::invokeAction() - CORE/Cake/Controller/Controller.php, line 473
Dispatcher::_invoke() - CORE/Cake/Routing/Dispatcher.php, line 107
Dispatcher::dispatch() - CORE/Cake/Routing/Dispatcher.php, line 89
[main] - APP/webroot/index.php, line 96

2011-11-29 20:29:14 Notice: Notice (8): Undefined variable: role_controller_permissions in [/Applications/XAMPP/xamppfiles/htdocs/eventos-sa/app/Plugin/Acl/Controller/ArosController.php, line 584]
Trace:
ArosController::admin_get_role_controller_permission() - APP/Plugin/Acl/Controller/ArosController.php, line 584
ReflectionMethod::invokeArgs() - [internal], line ??
Controller::invokeAction() - CORE/Cake/Controller/Controller.php, line 473
Dispatcher::_invoke() - CORE/Cake/Routing/Dispatcher.php, line 107
Dispatcher::dispatch() - CORE/Cake/Routing/Dispatcher.php, line 89
[main] - APP/webroot/index.php, line 96

2011-11-29 20:29:15 Notice: Notice (8): Undefined variable: role_controller_permissions in [/Applications/XAMPP/xamppfiles/htdocs/eventos-sa/app/Plugin/Acl/Controller/ArosController.php, line 584]
Trace:
ArosController::admin_get_role_controller_permission() - APP/Plugin/Acl/Controller/ArosController.php, line 584
ReflectionMethod::invokeArgs() - [internal], line ??
Controller::invokeAction() - CORE/Cake/Controller/Controller.php, line 473
Dispatcher::_invoke() - CORE/Cake/Routing/Dispatcher.php, line 107
Dispatcher::dispatch() - CORE/Cake/Routing/Dispatcher.php, line 89
[main] - APP/webroot/index.php, line 96

2011-11-29 20:29:15 Notice: Notice (8): Undefined variable: role_controller_permissions in [/Applications/XAMPP/xamppfiles/htdocs/eventos-sa/app/Plugin/Acl/Controller/ArosController.php, line 584]
Trace:
ArosController::admin_get_role_controller_permission() - APP/Plugin/Acl/Controller/ArosController.php, line 584
ReflectionMethod::invokeArgs() - [internal], line ??
Controller::invokeAction() - CORE/Cake/Controller/Controller.php, line 473
Dispatcher::_invoke() - CORE/Cake/Routing/Dispatcher.php, line 107
Dispatcher::dispatch() - CORE/Cake/Routing/Dispatcher.php, line 89
[main] - APP/webroot/index.php, line 96

2011-11-29 20:29:15 Notice: Notice (8): Undefined variable: role_controller_permissions in [/Applications/XAMPP/xamppfiles/htdocs/eventos-sa/app/Plugin/Acl/Controller/ArosController.php, line 584]
Trace:
ArosController::admin_get_role_controller_permission() - APP/Plugin/Acl/Controller/ArosController.php, line 584
ReflectionMethod::invokeArgs() - [internal], line ??
Controller::invokeAction() - CORE/Cake/Controller/Controller.php, line 473
Dispatcher::_invoke() - CORE/Cake/Routing/Dispatcher.php, line 107
Dispatcher::dispatch() - CORE/Cake/Routing/Dispatcher.php, line 89
[main] - APP/webroot/index.php, line 96

2011-11-29 20:29:15 Notice: Notice (8): Undefined variable: role_controller_permissions in [/Applications/XAMPP/xamppfiles/htdocs/eventos-sa/app/Plugin/Acl/Controller/ArosController.php, line 584]
Trace:
ArosController::admin_get_role_controller_permission() - APP/Plugin/Acl/Controller/ArosController.php, line 584
ReflectionMethod::invokeArgs() - [internal], line ??
Controller::invokeAction() - CORE/Cake/Controller/Controller.php, line 473
Dispatcher::_invoke() - CORE/Cake/Routing/Dispatcher.php, line 107
Dispatcher::dispatch() - CORE/Cake/Routing/Dispatcher.php, line 89
[main] - APP/webroot/index.php, line 96

2011-11-29 20:29:15 Notice: Notice (8): Undefined variable: role_controller_permissions in [/Applications/XAMPP/xamppfiles/htdocs/eventos-sa/app/Plugin/Acl/Controller/ArosController.php, line 584]
Trace:
ArosController::admin_get_role_controller_permission() - APP/Plugin/Acl/Controller/ArosController.php, line 584
ReflectionMethod::invokeArgs() - [internal], line ??
Controller::invokeAction() - CORE/Cake/Controller/Controller.php, line 473
Dispatcher::_invoke() - CORE/Cake/Routing/Dispatcher.php, line 107
Dispatcher::dispatch() - CORE/Cake/Routing/Dispatcher.php, line 89
[main] - APP/webroot/index.php, line 96

2011-11-29 20:29:15 Notice: Notice (8): Undefined variable: role_controller_permissions in [/Applications/XAMPP/xamppfiles/htdocs/eventos-sa/app/Plugin/Acl/Controller/ArosController.php, line 584]
Trace:
ArosController::admin_get_role_controller_permission() - APP/Plugin/Acl/Controller/ArosController.php, line 584
ReflectionMethod::invokeArgs() - [internal], line ??
Controller::invokeAction() - CORE/Cake/Controller/Controller.php, line 473
Dispatcher::_invoke() - CORE/Cake/Routing/Dispatcher.php, line 107
Dispatcher::dispatch() - CORE/Cake/Routing/Dispatcher.php, line 89
[main] - APP/webroot/index.php, line 96

2011-11-29 20:29:15 Notice: Notice (8): Undefined variable: role_controller_permissions in [/Applications/XAMPP/xamppfiles/htdocs/eventos-sa/app/Plugin/Acl/Controller/ArosController.php, line 584]
Trace:
ArosController::admin_get_role_controller_permission() - APP/Plugin/Acl/Controller/ArosController.php, line 584
ReflectionMethod::invokeArgs() - [internal], line ??
Controller::invokeAction() - CORE/Cake/Controller/Controller.php, line 473
Dispatcher::_invoke() - CORE/Cake/Routing/Dispatcher.php, line 107
Dispatcher::dispatch() - CORE/Cake/Routing/Dispatcher.php, line 89
[main] - APP/webroot/index.php, line 96

2011-11-29 20:29:15 Notice: Notice (8): Undefined variable: role_controller_permissions in [/Applications/XAMPP/xamppfiles/htdocs/eventos-sa/app/Plugin/Acl/Controller/ArosController.php, line 584]
Trace:
ArosController::admin_get_role_controller_permission() - APP/Plugin/Acl/Controller/ArosController.php, line 584
ReflectionMethod::invokeArgs() - [internal], line ??
Controller::invokeAction() - CORE/Cake/Controller/Controller.php, line 473
Dispatcher::_invoke() - CORE/Cake/Routing/Dispatcher.php, line 107
Dispatcher::dispatch() - CORE/Cake/Routing/Dispatcher.php, line 89
[main] - APP/webroot/index.php, line 96

2011-11-29 20:29:15 Notice: Notice (8): Undefined variable: role_controller_permissions in [/Applications/XAMPP/xamppfiles/htdocs/eventos-sa/app/Plugin/Acl/Controller/ArosController.php, line 584]
Trace:
ArosController::admin_get_role_controller_permission() - APP/Plugin/Acl/Controller/ArosController.php, line 584
ReflectionMethod::invokeArgs() - [internal], line ??
Controller::invokeAction() - CORE/Cake/Controller/Controller.php, line 473
Dispatcher::_invoke() - CORE/Cake/Routing/Dispatcher.php, line 107
Dispatcher::dispatch() - CORE/Cake/Routing/Dispatcher.php, line 89
[main] - APP/webroot/index.php, line 96

2011-11-29 20:29:15 Notice: Notice (8): Undefined variable: role_controller_permissions in [/Applications/XAMPP/xamppfiles/htdocs/eventos-sa/app/Plugin/Acl/Controller/ArosController.php, line 584]
Trace:
ArosController::admin_get_role_controller_permission() - APP/Plugin/Acl/Controller/ArosController.php, line 584
ReflectionMethod::invokeArgs() - [internal], line ??
Controller::invokeAction() - CORE/Cake/Controller/Controller.php, line 473
Dispatcher::_invoke() - CORE/Cake/Routing/Dispatcher.php, line 107
Dispatcher::dispatch() - CORE/Cake/Routing/Dispatcher.php, line 89
[main] - APP/webroot/index.php, line 96

2011-11-29 20:29:16 Notice: Notice (8): Undefined variable: role_controller_permissions in [/Applications/XAMPP/xamppfiles/htdocs/eventos-sa/app/Plugin/Acl/Controller/ArosController.php, line 584]
Trace:
ArosController::admin_get_role_controller_permission() - APP/Plugin/Acl/Controller/ArosController.php, line 584
ReflectionMethod::invokeArgs() - [internal], line ??
Controller::invokeAction() - CORE/Cake/Controller/Controller.php, line 473
Dispatcher::_invoke() - CORE/Cake/Routing/Dispatcher.php, line 107
Dispatcher::dispatch() - CORE/Cake/Routing/Dispatcher.php, line 89
[main] - APP/webroot/index.php, line 96

2011-11-29 20:29:16 Notice: Notice (8): Undefined variable: role_controller_permissions in [/Applications/XAMPP/xamppfiles/htdocs/eventos-sa/app/Plugin/Acl/Controller/ArosController.php, line 584]
Trace:
ArosController::admin_get_role_controller_permission() - APP/Plugin/Acl/Controller/ArosController.php, line 584
ReflectionMethod::invokeArgs() - [internal], line ??
Controller::invokeAction() - CORE/Cake/Controller/Controller.php, line 473
Dispatcher::_invoke() - CORE/Cake/Routing/Dispatcher.php, line 107
Dispatcher::dispatch() - CORE/Cake/Routing/Dispatcher.php, line 89
[main] - APP/webroot/index.php, line 96

2011-11-29 20:29:16 Notice: Notice (8): Undefined variable: role_controller_permissions in [/Applications/XAMPP/xamppfiles/htdocs/eventos-sa/app/Plugin/Acl/Controller/ArosController.php, line 584]
Trace:
ArosController::admin_get_role_controller_permission() - APP/Plugin/Acl/Controller/ArosController.php, line 584
ReflectionMethod::invokeArgs() - [internal], line ??
Controller::invokeAction() - CORE/Cake/Controller/Controller.php, line 473
Dispatcher::_invoke() - CORE/Cake/Routing/Dispatcher.php, line 107
Dispatcher::dispatch() - CORE/Cake/Routing/Dispatcher.php, line 89
[main] - APP/webroot/index.php, line 96

2011-11-29 20:29:16 Notice: Notice (8): Undefined variable: role_controller_permissions in [/Applications/XAMPP/xamppfiles/htdocs/eventos-sa/app/Plugin/Acl/Controller/ArosController.php, line 584]
Trace:
ArosController::admin_get_role_controller_permission() - APP/Plugin/Acl/Controller/ArosController.php, line 584
ReflectionMethod::invokeArgs() - [internal], line ??
Controller::invokeAction() - CORE/Cake/Controller/Controller.php, line 473
Dispatcher::_invoke() - CORE/Cake/Routing/Dispatcher.php, line 107
Dispatcher::dispatch() - CORE/Cake/Routing/Dispatcher.php, line 89
[main] - APP/webroot/index.php, line 96

2011-11-29 20:29:16 Notice: Notice (8): Undefined variable: role_controller_permissions in [/Applications/XAMPP/xamppfiles/htdocs/eventos-sa/app/Plugin/Acl/Controller/ArosController.php, line 584]
Trace:
ArosController::admin_get_role_controller_permission() - APP/Plugin/Acl/Controller/ArosController.php, line 584
ReflectionMethod::invokeArgs() - [internal], line ??
Controller::invokeAction() - CORE/Cake/Controller/Controller.php, line 473
Dispatcher::_invoke() - CORE/Cake/Routing/Dispatcher.php, line 107
Dispatcher::dispatch() - CORE/Cake/Routing/Dispatcher.php, line 89
[main] - APP/webroot/index.php, line 96

2011-11-29 20:29:16 Notice: Notice (8): Undefined variable: role_controller_permissions in [/Applications/XAMPP/xamppfiles/htdocs/eventos-sa/app/Plugin/Acl/Controller/ArosController.php, line 584]
Trace:
ArosController::admin_get_role_controller_permission() - APP/Plugin/Acl/Controller/ArosController.php, line 584
ReflectionMethod::invokeArgs() - [internal], line ??
Controller::invokeAction() - CORE/Cake/Controller/Controller.php, line 473
Dispatcher::_invoke() - CORE/Cake/Routing/Dispatcher.php, line 107
Dispatcher::dispatch() - CORE/Cake/Routing/Dispatcher.php, line 89
[main] - APP/webroot/index.php, line 96

2011-11-29 20:29:16 Notice: Notice (8): Undefined variable: role_controller_permissions in [/Applications/XAMPP/xamppfiles/htdocs/eventos-sa/app/Plugin/Acl/Controller/ArosController.php, line 584]
Trace:
ArosController::admin_get_role_controller_permission() - APP/Plugin/Acl/Controller/ArosController.php, line 584
ReflectionMethod::invokeArgs() - [internal], line ??
Controller::invokeAction() - CORE/Cake/Controller/Controller.php, line 473
Dispatcher::_invoke() - CORE/Cake/Routing/Dispatcher.php, line 107
Dispatcher::dispatch() - CORE/Cake/Routing/Dispatcher.php, line 89
[main] - APP/webroot/index.php, line 96

2011-11-29 20:29:16 Notice: Notice (8): Undefined variable: role_controller_permissions in [/Applications/XAMPP/xamppfiles/htdocs/eventos-sa/app/Plugin/Acl/Controller/ArosController.php, line 584]
Trace:
ArosController::admin_get_role_controller_permission() - APP/Plugin/Acl/Controller/ArosController.php, line 584
ReflectionMethod::invokeArgs() - [internal], line ??
Controller::invokeAction() - CORE/Cake/Controller/Controller.php, line 473
Dispatcher::_invoke() - CORE/Cake/Routing/Dispatcher.php, line 107
Dispatcher::dispatch() - CORE/Cake/Routing/Dispatcher.php, line 89
[main] - APP/webroot/index.php, line 96

2011-11-29 20:29:16 Notice: Notice (8): Undefined variable: role_controller_permissions in [/Applications/XAMPP/xamppfiles/htdocs/eventos-sa/app/Plugin/Acl/Controller/ArosController.php, line 584]
Trace:
ArosController::admin_get_role_controller_permission() - APP/Plugin/Acl/Controller/ArosController.php, line 584
ReflectionMethod::invokeArgs() - [internal], line ??
Controller::invokeAction() - CORE/Cake/Controller/Controller.php, line 473
Dispatcher::_invoke() - CORE/Cake/Routing/Dispatcher.php, line 107
Dispatcher::dispatch() - CORE/Cake/Routing/Dispatcher.php, line 89
[main] - APP/webroot/index.php, line 96

2011-11-29 20:29:17 Notice: Notice (8): Undefined variable: role_controller_permissions in [/Applications/XAMPP/xamppfiles/htdocs/eventos-sa/app/Plugin/Acl/Controller/ArosController.php, line 584]
Trace:
ArosController::admin_get_role_controller_permission() - APP/Plugin/Acl/Controller/ArosController.php, line 584
ReflectionMethod::invokeArgs() - [internal], line ??
Controller::invokeAction() - CORE/Cake/Controller/Controller.php, line 473
Dispatcher::_invoke() - CORE/Cake/Routing/Dispatcher.php, line 107
Dispatcher::dispatch() - CORE/Cake/Routing/Dispatcher.php, line 89
[main] - APP/webroot/index.php, line 96

2011-11-29 20:29:17 Notice: Notice (8): Undefined variable: role_controller_permissions in [/Applications/XAMPP/xamppfiles/htdocs/eventos-sa/app/Plugin/Acl/Controller/ArosController.php, line 584]
Trace:
ArosController::admin_get_role_controller_permission() - APP/Plugin/Acl/Controller/ArosController.php, line 584
ReflectionMethod::invokeArgs() - [internal], line ??
Controller::invokeAction() - CORE/Cake/Controller/Controller.php, line 473
Dispatcher::_invoke() - CORE/Cake/Routing/Dispatcher.php, line 107
Dispatcher::dispatch() - CORE/Cake/Routing/Dispatcher.php, line 89
[main] - APP/webroot/index.php, line 96

2011-11-29 20:29:17 Notice: Notice (8): Undefined variable: role_controller_permissions in [/Applications/XAMPP/xamppfiles/htdocs/eventos-sa/app/Plugin/Acl/Controller/ArosController.php, line 584]
Trace:
ArosController::admin_get_role_controller_permission() - APP/Plugin/Acl/Controller/ArosController.php, line 584
ReflectionMethod::invokeArgs() - [internal], line ??
Controller::invokeAction() - CORE/Cake/Controller/Controller.php, line 473
Dispatcher::_invoke() - CORE/Cake/Routing/Dispatcher.php, line 107
Dispatcher::dispatch() - CORE/Cake/Routing/Dispatcher.php, line 89
[main] - APP/webroot/index.php, line 96

2011-12-01 15:42:09 Notice: Notice (8): Undefined index: id in [/Applications/XAMPP/xamppfiles/htdocs/eventos-sa/lib/Cake/Model/AclNode.php, line 143]
Trace:
AclNode::node() - CORE/Cake/Model/AclNode.php, line 143
DbAcl::check() - CORE/Cake/Controller/Component/AclComponent.php, line 299
AclComponent::check() - CORE/Cake/Controller/Component/AclComponent.php, line 115
ActionsAuthorize::authorize() - CORE/Cake/Controller/Component/Auth/ActionsAuthorize.php, line 39
AuthComponent::isAuthorized() - CORE/Cake/Controller/Component/AuthComponent.php, line 379
AuthComponent::startup() - CORE/Cake/Controller/Component/AuthComponent.php, line 330
ObjectCollection::trigger() - CORE/Cake/Utility/ObjectCollection.php, line 103
Controller::startupProcess() - CORE/Cake/Controller/Controller.php, line 606
Dispatcher::_invoke() - CORE/Cake/Routing/Dispatcher.php, line 104
Dispatcher::dispatch() - CORE/Cake/Routing/Dispatcher.php, line 89
[main] - APP/webroot/index.php, line 96

2011-12-01 15:42:09 Notice: Notice (8): Undefined index: id in [/Applications/XAMPP/xamppfiles/htdocs/eventos-sa/lib/Cake/Model/AclNode.php, line 143]
Trace:
AclNode::node() - CORE/Cake/Model/AclNode.php, line 143
DbAcl::check() - CORE/Cake/Controller/Component/AclComponent.php, line 299
AclComponent::check() - CORE/Cake/Controller/Component/AclComponent.php, line 115
ActionsAuthorize::authorize() - CORE/Cake/Controller/Component/Auth/ActionsAuthorize.php, line 39
AuthComponent::isAuthorized() - CORE/Cake/Controller/Component/AuthComponent.php, line 379
AuthComponent::startup() - CORE/Cake/Controller/Component/AuthComponent.php, line 330
ObjectCollection::trigger() - CORE/Cake/Utility/ObjectCollection.php, line 103
Controller::startupProcess() - CORE/Cake/Controller/Controller.php, line 606
Dispatcher::_invoke() - CORE/Cake/Routing/Dispatcher.php, line 104
Dispatcher::dispatch() - CORE/Cake/Routing/Dispatcher.php, line 89
[main] - APP/webroot/index.php, line 96

2011-12-01 15:42:10 Notice: Notice (8): Undefined index: id in [/Applications/XAMPP/xamppfiles/htdocs/eventos-sa/lib/Cake/Model/AclNode.php, line 143]
Trace:
AclNode::node() - CORE/Cake/Model/AclNode.php, line 143
DbAcl::check() - CORE/Cake/Controller/Component/AclComponent.php, line 299
AclComponent::check() - CORE/Cake/Controller/Component/AclComponent.php, line 115
ActionsAuthorize::authorize() - CORE/Cake/Controller/Component/Auth/ActionsAuthorize.php, line 39
AuthComponent::isAuthorized() - CORE/Cake/Controller/Component/AuthComponent.php, line 379
AuthComponent::startup() - CORE/Cake/Controller/Component/AuthComponent.php, line 330
ObjectCollection::trigger() - CORE/Cake/Utility/ObjectCollection.php, line 103
Controller::startupProcess() - CORE/Cake/Controller/Controller.php, line 606
Dispatcher::_invoke() - CORE/Cake/Routing/Dispatcher.php, line 104
Dispatcher::dispatch() - CORE/Cake/Routing/Dispatcher.php, line 89
[main] - APP/webroot/index.php, line 96

2011-12-01 15:42:12 Notice: Notice (8): Undefined index: id in [/Applications/XAMPP/xamppfiles/htdocs/eventos-sa/lib/Cake/Model/AclNode.php, line 143]
Trace:
AclNode::node() - CORE/Cake/Model/AclNode.php, line 143
DbAcl::check() - CORE/Cake/Controller/Component/AclComponent.php, line 299
AclComponent::check() - CORE/Cake/Controller/Component/AclComponent.php, line 115
ActionsAuthorize::authorize() - CORE/Cake/Controller/Component/Auth/ActionsAuthorize.php, line 39
AuthComponent::isAuthorized() - CORE/Cake/Controller/Component/AuthComponent.php, line 379
AuthComponent::startup() - CORE/Cake/Controller/Component/AuthComponent.php, line 330
ObjectCollection::trigger() - CORE/Cake/Utility/ObjectCollection.php, line 103
Controller::startupProcess() - CORE/Cake/Controller/Controller.php, line 606
Dispatcher::_invoke() - CORE/Cake/Routing/Dispatcher.php, line 104
Dispatcher::dispatch() - CORE/Cake/Routing/Dispatcher.php, line 89
[main] - APP/webroot/index.php, line 96

2011-12-01 15:42:12 Notice: Notice (8): Undefined index: id in [/Applications/XAMPP/xamppfiles/htdocs/eventos-sa/lib/Cake/Model/AclNode.php, line 143]
Trace:
AclNode::node() - CORE/Cake/Model/AclNode.php, line 143
DbAcl::check() - CORE/Cake/Controller/Component/AclComponent.php, line 299
AclComponent::check() - CORE/Cake/Controller/Component/AclComponent.php, line 115
ActionsAuthorize::authorize() - CORE/Cake/Controller/Component/Auth/ActionsAuthorize.php, line 39
AuthComponent::isAuthorized() - CORE/Cake/Controller/Component/AuthComponent.php, line 379
AuthComponent::startup() - CORE/Cake/Controller/Component/AuthComponent.php, line 330
ObjectCollection::trigger() - CORE/Cake/Utility/ObjectCollection.php, line 103
Controller::startupProcess() - CORE/Cake/Controller/Controller.php, line 606
Dispatcher::_invoke() - CORE/Cake/Routing/Dispatcher.php, line 104
Dispatcher::dispatch() - CORE/Cake/Routing/Dispatcher.php, line 89
[main] - APP/webroot/index.php, line 96

2011-12-01 15:42:13 Notice: Notice (8): Undefined index: id in [/Applications/XAMPP/xamppfiles/htdocs/eventos-sa/lib/Cake/Model/AclNode.php, line 143]
Trace:
AclNode::node() - CORE/Cake/Model/AclNode.php, line 143
DbAcl::check() - CORE/Cake/Controller/Component/AclComponent.php, line 299
AclComponent::check() - CORE/Cake/Controller/Component/AclComponent.php, line 115
ActionsAuthorize::authorize() - CORE/Cake/Controller/Component/Auth/ActionsAuthorize.php, line 39
AuthComponent::isAuthorized() - CORE/Cake/Controller/Component/AuthComponent.php, line 379
AuthComponent::startup() - CORE/Cake/Controller/Component/AuthComponent.php, line 330
ObjectCollection::trigger() - CORE/Cake/Utility/ObjectCollection.php, line 103
Controller::startupProcess() - CORE/Cake/Controller/Controller.php, line 606
Dispatcher::_invoke() - CORE/Cake/Routing/Dispatcher.php, line 104
Dispatcher::dispatch() - CORE/Cake/Routing/Dispatcher.php, line 89
[main] - APP/webroot/index.php, line 96

2011-12-01 15:42:13 Notice: Notice (8): Undefined index: id in [/Applications/XAMPP/xamppfiles/htdocs/eventos-sa/lib/Cake/Model/AclNode.php, line 143]
Trace:
AclNode::node() - CORE/Cake/Model/AclNode.php, line 143
DbAcl::check() - CORE/Cake/Controller/Component/AclComponent.php, line 299
AclComponent::check() - CORE/Cake/Controller/Component/AclComponent.php, line 115
ActionsAuthorize::authorize() - CORE/Cake/Controller/Component/Auth/ActionsAuthorize.php, line 39
AuthComponent::isAuthorized() - CORE/Cake/Controller/Component/AuthComponent.php, line 379
AuthComponent::startup() - CORE/Cake/Controller/Component/AuthComponent.php, line 330
ObjectCollection::trigger() - CORE/Cake/Utility/ObjectCollection.php, line 103
Controller::startupProcess() - CORE/Cake/Controller/Controller.php, line 606
Dispatcher::_invoke() - CORE/Cake/Routing/Dispatcher.php, line 104
Dispatcher::dispatch() - CORE/Cake/Routing/Dispatcher.php, line 89
[main] - APP/webroot/index.php, line 96

2011-12-01 15:42:14 Notice: Notice (8): Undefined index: id in [/Applications/XAMPP/xamppfiles/htdocs/eventos-sa/lib/Cake/Model/AclNode.php, line 143]
Trace:
AclNode::node() - CORE/Cake/Model/AclNode.php, line 143
DbAcl::check() - CORE/Cake/Controller/Component/AclComponent.php, line 299
AclComponent::check() - CORE/Cake/Controller/Component/AclComponent.php, line 115
ActionsAuthorize::authorize() - CORE/Cake/Controller/Component/Auth/ActionsAuthorize.php, line 39
AuthComponent::isAuthorized() - CORE/Cake/Controller/Component/AuthComponent.php, line 379
AuthComponent::startup() - CORE/Cake/Controller/Component/AuthComponent.php, line 330
ObjectCollection::trigger() - CORE/Cake/Utility/ObjectCollection.php, line 103
Controller::startupProcess() - CORE/Cake/Controller/Controller.php, line 606
Dispatcher::_invoke() - CORE/Cake/Routing/Dispatcher.php, line 104
Dispatcher::dispatch() - CORE/Cake/Routing/Dispatcher.php, line 89
[main] - APP/webroot/index.php, line 96

2011-12-01 15:42:14 Notice: Notice (8): Undefined index: id in [/Applications/XAMPP/xamppfiles/htdocs/eventos-sa/lib/Cake/Model/AclNode.php, line 143]
Trace:
AclNode::node() - CORE/Cake/Model/AclNode.php, line 143
DbAcl::check() - CORE/Cake/Controller/Component/AclComponent.php, line 299
AclComponent::check() - CORE/Cake/Controller/Component/AclComponent.php, line 115
ActionsAuthorize::authorize() - CORE/Cake/Controller/Component/Auth/ActionsAuthorize.php, line 39
AuthComponent::isAuthorized() - CORE/Cake/Controller/Component/AuthComponent.php, line 379
AuthComponent::startup() - CORE/Cake/Controller/Component/AuthComponent.php, line 330
ObjectCollection::trigger() - CORE/Cake/Utility/ObjectCollection.php, line 103
Controller::startupProcess() - CORE/Cake/Controller/Controller.php, line 606
Dispatcher::_invoke() - CORE/Cake/Routing/Dispatcher.php, line 104
Dispatcher::dispatch() - CORE/Cake/Routing/Dispatcher.php, line 89
[main] - APP/webroot/index.php, line 96

2011-12-01 15:42:15 Notice: Notice (8): Undefined index: id in [/Applications/XAMPP/xamppfiles/htdocs/eventos-sa/lib/Cake/Model/AclNode.php, line 143]
Trace:
AclNode::node() - CORE/Cake/Model/AclNode.php, line 143
DbAcl::check() - CORE/Cake/Controller/Component/AclComponent.php, line 299
AclComponent::check() - CORE/Cake/Controller/Component/AclComponent.php, line 115
ActionsAuthorize::authorize() - CORE/Cake/Controller/Component/Auth/ActionsAuthorize.php, line 39
AuthComponent::isAuthorized() - CORE/Cake/Controller/Component/AuthComponent.php, line 379
AuthComponent::startup() - CORE/Cake/Controller/Component/AuthComponent.php, line 330
ObjectCollection::trigger() - CORE/Cake/Utility/ObjectCollection.php, line 103
Controller::startupProcess() - CORE/Cake/Controller/Controller.php, line 606
Dispatcher::_invoke() - CORE/Cake/Routing/Dispatcher.php, line 104
Dispatcher::dispatch() - CORE/Cake/Routing/Dispatcher.php, line 89
[main] - APP/webroot/index.php, line 96

2011-12-01 15:42:27 Notice: Notice (8): Undefined index: id in [/Applications/XAMPP/xamppfiles/htdocs/eventos-sa/lib/Cake/Model/AclNode.php, line 143]
Trace:
AclNode::node() - CORE/Cake/Model/AclNode.php, line 143
DbAcl::check() - CORE/Cake/Controller/Component/AclComponent.php, line 299
AclComponent::check() - CORE/Cake/Controller/Component/AclComponent.php, line 115
ActionsAuthorize::authorize() - CORE/Cake/Controller/Component/Auth/ActionsAuthorize.php, line 39
AuthComponent::isAuthorized() - CORE/Cake/Controller/Component/AuthComponent.php, line 379
AuthComponent::startup() - CORE/Cake/Controller/Component/AuthComponent.php, line 330
ObjectCollection::trigger() - CORE/Cake/Utility/ObjectCollection.php, line 103
Controller::startupProcess() - CORE/Cake/Controller/Controller.php, line 606
Dispatcher::_invoke() - CORE/Cake/Routing/Dispatcher.php, line 104
Dispatcher::dispatch() - CORE/Cake/Routing/Dispatcher.php, line 89
[main] - APP/webroot/index.php, line 96

2011-12-01 15:43:14 Notice: Notice (8): Undefined index: id in [/Applications/XAMPP/xamppfiles/htdocs/eventos-sa/lib/Cake/Model/AclNode.php, line 143]
Trace:
AclNode::node() - CORE/Cake/Model/AclNode.php, line 143
DbAcl::check() - CORE/Cake/Controller/Component/AclComponent.php, line 299
AclComponent::check() - CORE/Cake/Controller/Component/AclComponent.php, line 115
ActionsAuthorize::authorize() - CORE/Cake/Controller/Component/Auth/ActionsAuthorize.php, line 39
AuthComponent::isAuthorized() - CORE/Cake/Controller/Component/AuthComponent.php, line 379
AuthComponent::startup() - CORE/Cake/Controller/Component/AuthComponent.php, line 330
ObjectCollection::trigger() - CORE/Cake/Utility/ObjectCollection.php, line 103
Controller::startupProcess() - CORE/Cake/Controller/Controller.php, line 606
Dispatcher::_invoke() - CORE/Cake/Routing/Dispatcher.php, line 104
Dispatcher::dispatch() - CORE/Cake/Routing/Dispatcher.php, line 89
[main] - APP/webroot/index.php, line 96

2011-12-01 15:43:22 Notice: Notice (8): Undefined index: id in [/Applications/XAMPP/xamppfiles/htdocs/eventos-sa/lib/Cake/Model/AclNode.php, line 143]
Trace:
AclNode::node() - CORE/Cake/Model/AclNode.php, line 143
DbAcl::check() - CORE/Cake/Controller/Component/AclComponent.php, line 299
AclComponent::check() - CORE/Cake/Controller/Component/AclComponent.php, line 115
ActionsAuthorize::authorize() - CORE/Cake/Controller/Component/Auth/ActionsAuthorize.php, line 39
AuthComponent::isAuthorized() - CORE/Cake/Controller/Component/AuthComponent.php, line 379
AuthComponent::startup() - CORE/Cake/Controller/Component/AuthComponent.php, line 330
ObjectCollection::trigger() - CORE/Cake/Utility/ObjectCollection.php, line 103
Controller::startupProcess() - CORE/Cake/Controller/Controller.php, line 606
Dispatcher::_invoke() - CORE/Cake/Routing/Dispatcher.php, line 104
Dispatcher::dispatch() - CORE/Cake/Routing/Dispatcher.php, line 89
[main] - APP/webroot/index.php, line 96

2011-12-01 15:43:25 Notice: Notice (8): Undefined index: id in [/Applications/XAMPP/xamppfiles/htdocs/eventos-sa/lib/Cake/Model/AclNode.php, line 143]
Trace:
AclNode::node() - CORE/Cake/Model/AclNode.php, line 143
DbAcl::check() - CORE/Cake/Controller/Component/AclComponent.php, line 299
AclComponent::check() - CORE/Cake/Controller/Component/AclComponent.php, line 115
ActionsAuthorize::authorize() - CORE/Cake/Controller/Component/Auth/ActionsAuthorize.php, line 39
AuthComponent::isAuthorized() - CORE/Cake/Controller/Component/AuthComponent.php, line 379
AuthComponent::startup() - CORE/Cake/Controller/Component/AuthComponent.php, line 330
ObjectCollection::trigger() - CORE/Cake/Utility/ObjectCollection.php, line 103
Controller::startupProcess() - CORE/Cake/Controller/Controller.php, line 606
Dispatcher::_invoke() - CORE/Cake/Routing/Dispatcher.php, line 104
Dispatcher::dispatch() - CORE/Cake/Routing/Dispatcher.php, line 89
[main] - APP/webroot/index.php, line 96

2011-12-01 15:45:01 Notice: Notice (8): Undefined index: id in [/Applications/XAMPP/xamppfiles/htdocs/eventos-sa/lib/Cake/Model/AclNode.php, line 143]
Trace:
AclNode::node() - CORE/Cake/Model/AclNode.php, line 143
DbAcl::check() - CORE/Cake/Controller/Component/AclComponent.php, line 299
AclComponent::check() - CORE/Cake/Controller/Component/AclComponent.php, line 115
ActionsAuthorize::authorize() - CORE/Cake/Controller/Component/Auth/ActionsAuthorize.php, line 39
AuthComponent::isAuthorized() - CORE/Cake/Controller/Component/AuthComponent.php, line 379
AuthComponent::startup() - CORE/Cake/Controller/Component/AuthComponent.php, line 330
ObjectCollection::trigger() - CORE/Cake/Utility/ObjectCollection.php, line 103
Controller::startupProcess() - CORE/Cake/Controller/Controller.php, line 606
Dispatcher::_invoke() - CORE/Cake/Routing/Dispatcher.php, line 104
Dispatcher::dispatch() - CORE/Cake/Routing/Dispatcher.php, line 89
[main] - APP/webroot/index.php, line 96

2011-12-01 15:45:01 Notice: Notice (8): Undefined index: id in [/Applications/XAMPP/xamppfiles/htdocs/eventos-sa/lib/Cake/Model/AclNode.php, line 143]
Trace:
AclNode::node() - CORE/Cake/Model/AclNode.php, line 143
DbAcl::check() - CORE/Cake/Controller/Component/AclComponent.php, line 299
AclComponent::check() - CORE/Cake/Controller/Component/AclComponent.php, line 115
ActionsAuthorize::authorize() - CORE/Cake/Controller/Component/Auth/ActionsAuthorize.php, line 39
AuthComponent::isAuthorized() - CORE/Cake/Controller/Component/AuthComponent.php, line 379
AuthComponent::startup() - CORE/Cake/Controller/Component/AuthComponent.php, line 330
ObjectCollection::trigger() - CORE/Cake/Utility/ObjectCollection.php, line 103
Controller::startupProcess() - CORE/Cake/Controller/Controller.php, line 606
Dispatcher::_invoke() - CORE/Cake/Routing/Dispatcher.php, line 104
Dispatcher::dispatch() - CORE/Cake/Routing/Dispatcher.php, line 89
[main] - APP/webroot/index.php, line 96

2011-12-01 15:45:02 Notice: Notice (8): Undefined index: id in [/Applications/XAMPP/xamppfiles/htdocs/eventos-sa/lib/Cake/Model/AclNode.php, line 143]
Trace:
AclNode::node() - CORE/Cake/Model/AclNode.php, line 143
DbAcl::check() - CORE/Cake/Controller/Component/AclComponent.php, line 299
AclComponent::check() - CORE/Cake/Controller/Component/AclComponent.php, line 115
ActionsAuthorize::authorize() - CORE/Cake/Controller/Component/Auth/ActionsAuthorize.php, line 39
AuthComponent::isAuthorized() - CORE/Cake/Controller/Component/AuthComponent.php, line 379
AuthComponent::startup() - CORE/Cake/Controller/Component/AuthComponent.php, line 330
ObjectCollection::trigger() - CORE/Cake/Utility/ObjectCollection.php, line 103
Controller::startupProcess() - CORE/Cake/Controller/Controller.php, line 606
Dispatcher::_invoke() - CORE/Cake/Routing/Dispatcher.php, line 104
Dispatcher::dispatch() - CORE/Cake/Routing/Dispatcher.php, line 89
[main] - APP/webroot/index.php, line 96

2011-12-01 15:45:02 Notice: Notice (8): Undefined index: id in [/Applications/XAMPP/xamppfiles/htdocs/eventos-sa/lib/Cake/Model/AclNode.php, line 143]
Trace:
AclNode::node() - CORE/Cake/Model/AclNode.php, line 143
DbAcl::check() - CORE/Cake/Controller/Component/AclComponent.php, line 299
AclComponent::check() - CORE/Cake/Controller/Component/AclComponent.php, line 115
ActionsAuthorize::authorize() - CORE/Cake/Controller/Component/Auth/ActionsAuthorize.php, line 39
AuthComponent::isAuthorized() - CORE/Cake/Controller/Component/AuthComponent.php, line 379
AuthComponent::startup() - CORE/Cake/Controller/Component/AuthComponent.php, line 330
ObjectCollection::trigger() - CORE/Cake/Utility/ObjectCollection.php, line 103
Controller::startupProcess() - CORE/Cake/Controller/Controller.php, line 606
Dispatcher::_invoke() - CORE/Cake/Routing/Dispatcher.php, line 104
Dispatcher::dispatch() - CORE/Cake/Routing/Dispatcher.php, line 89
[main] - APP/webroot/index.php, line 96

2011-12-01 15:45:02 Notice: Notice (8): Undefined index: id in [/Applications/XAMPP/xamppfiles/htdocs/eventos-sa/lib/Cake/Model/AclNode.php, line 143]
Trace:
AclNode::node() - CORE/Cake/Model/AclNode.php, line 143
DbAcl::check() - CORE/Cake/Controller/Component/AclComponent.php, line 299
AclComponent::check() - CORE/Cake/Controller/Component/AclComponent.php, line 115
ActionsAuthorize::authorize() - CORE/Cake/Controller/Component/Auth/ActionsAuthorize.php, line 39
AuthComponent::isAuthorized() - CORE/Cake/Controller/Component/AuthComponent.php, line 379
AuthComponent::startup() - CORE/Cake/Controller/Component/AuthComponent.php, line 330
ObjectCollection::trigger() - CORE/Cake/Utility/ObjectCollection.php, line 103
Controller::startupProcess() - CORE/Cake/Controller/Controller.php, line 606
Dispatcher::_invoke() - CORE/Cake/Routing/Dispatcher.php, line 104
Dispatcher::dispatch() - CORE/Cake/Routing/Dispatcher.php, line 89
[main] - APP/webroot/index.php, line 96

2011-12-01 15:45:03 Notice: Notice (8): Undefined index: id in [/Applications/XAMPP/xamppfiles/htdocs/eventos-sa/lib/Cake/Model/AclNode.php, line 143]
Trace:
AclNode::node() - CORE/Cake/Model/AclNode.php, line 143
DbAcl::check() - CORE/Cake/Controller/Component/AclComponent.php, line 299
AclComponent::check() - CORE/Cake/Controller/Component/AclComponent.php, line 115
ActionsAuthorize::authorize() - CORE/Cake/Controller/Component/Auth/ActionsAuthorize.php, line 39
AuthComponent::isAuthorized() - CORE/Cake/Controller/Component/AuthComponent.php, line 379
AuthComponent::startup() - CORE/Cake/Controller/Component/AuthComponent.php, line 330
ObjectCollection::trigger() - CORE/Cake/Utility/ObjectCollection.php, line 103
Controller::startupProcess() - CORE/Cake/Controller/Controller.php, line 606
Dispatcher::_invoke() - CORE/Cake/Routing/Dispatcher.php, line 104
Dispatcher::dispatch() - CORE/Cake/Routing/Dispatcher.php, line 89
[main] - APP/webroot/index.php, line 96

2011-12-01 15:45:03 Notice: Notice (8): Undefined index: id in [/Applications/XAMPP/xamppfiles/htdocs/eventos-sa/lib/Cake/Model/AclNode.php, line 143]
Trace:
AclNode::node() - CORE/Cake/Model/AclNode.php, line 143
DbAcl::check() - CORE/Cake/Controller/Component/AclComponent.php, line 299
AclComponent::check() - CORE/Cake/Controller/Component/AclComponent.php, line 115
ActionsAuthorize::authorize() - CORE/Cake/Controller/Component/Auth/ActionsAuthorize.php, line 39
AuthComponent::isAuthorized() - CORE/Cake/Controller/Component/AuthComponent.php, line 379
AuthComponent::startup() - CORE/Cake/Controller/Component/AuthComponent.php, line 330
ObjectCollection::trigger() - CORE/Cake/Utility/ObjectCollection.php, line 103
Controller::startupProcess() - CORE/Cake/Controller/Controller.php, line 606
Dispatcher::_invoke() - CORE/Cake/Routing/Dispatcher.php, line 104
Dispatcher::dispatch() - CORE/Cake/Routing/Dispatcher.php, line 89
[main] - APP/webroot/index.php, line 96

2011-12-01 15:45:03 Notice: Notice (8): Undefined index: id in [/Applications/XAMPP/xamppfiles/htdocs/eventos-sa/lib/Cake/Model/AclNode.php, line 143]
Trace:
AclNode::node() - CORE/Cake/Model/AclNode.php, line 143
DbAcl::check() - CORE/Cake/Controller/Component/AclComponent.php, line 299
AclComponent::check() - CORE/Cake/Controller/Component/AclComponent.php, line 115
ActionsAuthorize::authorize() - CORE/Cake/Controller/Component/Auth/ActionsAuthorize.php, line 39
AuthComponent::isAuthorized() - CORE/Cake/Controller/Component/AuthComponent.php, line 379
AuthComponent::startup() - CORE/Cake/Controller/Component/AuthComponent.php, line 330
ObjectCollection::trigger() - CORE/Cake/Utility/ObjectCollection.php, line 103
Controller::startupProcess() - CORE/Cake/Controller/Controller.php, line 606
Dispatcher::_invoke() - CORE/Cake/Routing/Dispatcher.php, line 104
Dispatcher::dispatch() - CORE/Cake/Routing/Dispatcher.php, line 89
[main] - APP/webroot/index.php, line 96

2011-12-01 15:45:03 Notice: Notice (8): Undefined index: id in [/Applications/XAMPP/xamppfiles/htdocs/eventos-sa/lib/Cake/Model/AclNode.php, line 143]
Trace:
AclNode::node() - CORE/Cake/Model/AclNode.php, line 143
DbAcl::check() - CORE/Cake/Controller/Component/AclComponent.php, line 299
AclComponent::check() - CORE/Cake/Controller/Component/AclComponent.php, line 115
ActionsAuthorize::authorize() - CORE/Cake/Controller/Component/Auth/ActionsAuthorize.php, line 39
AuthComponent::isAuthorized() - CORE/Cake/Controller/Component/AuthComponent.php, line 379
AuthComponent::startup() - CORE/Cake/Controller/Component/AuthComponent.php, line 330
ObjectCollection::trigger() - CORE/Cake/Utility/ObjectCollection.php, line 103
Controller::startupProcess() - CORE/Cake/Controller/Controller.php, line 606
Dispatcher::_invoke() - CORE/Cake/Routing/Dispatcher.php, line 104
Dispatcher::dispatch() - CORE/Cake/Routing/Dispatcher.php, line 89
[main] - APP/webroot/index.php, line 96

2011-12-01 15:45:04 Notice: Notice (8): Undefined index: id in [/Applications/XAMPP/xamppfiles/htdocs/eventos-sa/lib/Cake/Model/AclNode.php, line 143]
Trace:
AclNode::node() - CORE/Cake/Model/AclNode.php, line 143
DbAcl::check() - CORE/Cake/Controller/Component/AclComponent.php, line 299
AclComponent::check() - CORE/Cake/Controller/Component/AclComponent.php, line 115
ActionsAuthorize::authorize() - CORE/Cake/Controller/Component/Auth/ActionsAuthorize.php, line 39
AuthComponent::isAuthorized() - CORE/Cake/Controller/Component/AuthComponent.php, line 379
AuthComponent::startup() - CORE/Cake/Controller/Component/AuthComponent.php, line 330
ObjectCollection::trigger() - CORE/Cake/Utility/ObjectCollection.php, line 103
Controller::startupProcess() - CORE/Cake/Controller/Controller.php, line 606
Dispatcher::_invoke() - CORE/Cake/Routing/Dispatcher.php, line 104
Dispatcher::dispatch() - CORE/Cake/Routing/Dispatcher.php, line 89
[main] - APP/webroot/index.php, line 96

2011-12-01 15:45:30 Notice: Notice (8): Undefined index: id in [/Applications/XAMPP/xamppfiles/htdocs/eventos-sa/lib/Cake/Model/AclNode.php, line 143]
Trace:
AclNode::node() - CORE/Cake/Model/AclNode.php, line 143
DbAcl::check() - CORE/Cake/Controller/Component/AclComponent.php, line 299
AclComponent::check() - CORE/Cake/Controller/Component/AclComponent.php, line 115
ActionsAuthorize::authorize() - CORE/Cake/Controller/Component/Auth/ActionsAuthorize.php, line 39
AuthComponent::isAuthorized() - CORE/Cake/Controller/Component/AuthComponent.php, line 379
AuthComponent::startup() - CORE/Cake/Controller/Component/AuthComponent.php, line 330
ObjectCollection::trigger() - CORE/Cake/Utility/ObjectCollection.php, line 103
Controller::startupProcess() - CORE/Cake/Controller/Controller.php, line 606
Dispatcher::_invoke() - CORE/Cake/Routing/Dispatcher.php, line 104
Dispatcher::dispatch() - CORE/Cake/Routing/Dispatcher.php, line 89
[main] - APP/webroot/index.php, line 96

2011-12-01 15:46:49 Notice: Notice (8): Undefined index: id in [/Applications/XAMPP/xamppfiles/htdocs/eventos-sa/lib/Cake/Model/AclNode.php, line 143]
Trace:
AclNode::node() - CORE/Cake/Model/AclNode.php, line 143
DbAcl::check() - CORE/Cake/Controller/Component/AclComponent.php, line 299
AclComponent::check() - CORE/Cake/Controller/Component/AclComponent.php, line 115
ActionsAuthorize::authorize() - CORE/Cake/Controller/Component/Auth/ActionsAuthorize.php, line 39
AuthComponent::isAuthorized() - CORE/Cake/Controller/Component/AuthComponent.php, line 379
AuthComponent::startup() - CORE/Cake/Controller/Component/AuthComponent.php, line 330
ObjectCollection::trigger() - CORE/Cake/Utility/ObjectCollection.php, line 103
Controller::startupProcess() - CORE/Cake/Controller/Controller.php, line 606
Dispatcher::_invoke() - CORE/Cake/Routing/Dispatcher.php, line 104
Dispatcher::dispatch() - CORE/Cake/Routing/Dispatcher.php, line 89
[main] - APP/webroot/index.php, line 96

2012-01-05 20:32:05 Notice: Notice (8): Undefined index: co_author_main_doc_-1 in [/Applications/XAMPP/xamppfiles/htdocs/eventos-sa/app/Plugin/Paper/Controller/PapersController.php, line 236]
Trace:
PapersController::addExemptionRequirement() - APP/Plugin/Paper/Controller/PapersController.php, line 236
AppController::admin_add() - APP/Controller/AppController.php, line 766
AppController::profile_add() - APP/Controller/AppController.php, line 809
ReflectionMethod::invokeArgs() - [internal], line ??
Controller::invokeAction() - CORE/Cake/Controller/Controller.php, line 473
Dispatcher::_invoke() - CORE/Cake/Routing/Dispatcher.php, line 107
Dispatcher::dispatch() - CORE/Cake/Routing/Dispatcher.php, line 89
[main] - APP/webroot/index.php, line 96

2012-01-05 20:32:05 Notice: Notice (8): Undefined index: Evaluation in [/Applications/XAMPP/xamppfiles/htdocs/eventos-sa/app/Plugin/Paper/Controller/PapersController.php, line 341]
Trace:
PapersController::sendNewPaperNotice() - APP/Plugin/Paper/Controller/PapersController.php, line 341
AppController::admin_add() - APP/Controller/AppController.php, line 766
AppController::profile_add() - APP/Controller/AppController.php, line 809
ReflectionMethod::invokeArgs() - [internal], line ??
Controller::invokeAction() - CORE/Cake/Controller/Controller.php, line 473
Dispatcher::_invoke() - CORE/Cake/Routing/Dispatcher.php, line 107
Dispatcher::dispatch() - CORE/Cake/Routing/Dispatcher.php, line 89
[main] - APP/webroot/index.php, line 96

2012-01-11 01:49:59 Notice: Notice (8): Trying to get property of non-object in [/Applications/XAMPP/xamppfiles/htdocs/eventos-sa/app/Plugin/Registration/Controller/PaymentsController.php, line 559]
Trace:
PaymentsController::_getPagSeguroTransactions() - APP/Plugin/Registration/Controller/PaymentsController.php, line 559
PaymentsController::updateFromPagSeguro() - APP/Plugin/Registration/Controller/PaymentsController.php, line 672
ReflectionMethod::invokeArgs() - [internal], line ??
Controller::invokeAction() - CORE/Cake/Controller/Controller.php, line 473
Dispatcher::_invoke() - CORE/Cake/Routing/Dispatcher.php, line 107
Dispatcher::dispatch() - CORE/Cake/Routing/Dispatcher.php, line 89
[main] - APP/webroot/index.php, line 96

2012-01-11 14:01:26 Notice: Notice (8): Undefined index: Evaluation in [/Applications/XAMPP/xamppfiles/htdocs/eventos-sa/app/Plugin/Paper/Controller/PapersController.php, line 341]
Trace:
PapersController::sendNewPaperNotice() - APP/Plugin/Paper/Controller/PapersController.php, line 341
AppController::admin_edit() - APP/Controller/AppController.php, line 926
AppController::profile_edit() - APP/Controller/AppController.php, line 834
ReflectionMethod::invokeArgs() - [internal], line ??
Controller::invokeAction() - CORE/Cake/Controller/Controller.php, line 473
Dispatcher::_invoke() - CORE/Cake/Routing/Dispatcher.php, line 107
Dispatcher::dispatch() - CORE/Cake/Routing/Dispatcher.php, line 89
[main] - APP/webroot/index.php, line 96

